<?xml version="1.0" encoding="UTF-8"?>
<!-- Generated by org.testng.reporters.JUnitReportReporter -->
<testsuite skipped="0" hostname="DESKTOP-T998RO5" name="p2.Class2" tests="4" failures="0" timestamp="2023-01-05T13:07:13 IST" time="0.010" errors="0">
  <testcase name="test3" time="0.003" classname="p2.Class2"/>
  <system-out>
    <![CDATA[tc3 executed]]>
  </system-out>
  <testcase name="test5" time="0.001" classname="p2.Class2"/>
  <system-out>
    <![CDATA[tc5 executed]]>
  </system-out>
  <testcase name="test2" time="0.003" classname="p2.Class2"/>
  <system-out>
    <![CDATA[tc2 executed]]>
  </system-out>
  <testcase name="test4" time="0.003" classname="p2.Class2"/>
  <system-out>
    <![CDATA[tc4 executed]]>
  </system-out>
</testsuite> <!-- p2.Class2 -->
