<?xml version="1.0" encoding="UTF-8"?>
<!-- Generated by org.testng.reporters.JUnitReportReporter -->
<testsuite skipped="0" hostname="DESKTOP-T998RO5" name="p1.Class1" tests="1" failures="0" timestamp="2023-01-05T13:07:13 IST" time="0.012" errors="0">
  <testcase name="test1" time="0.012" classname="p1.Class1"/>
  <system-out>
    <![CDATA[tc1 executed]]>
  </system-out>
</testsuite> <!-- p1.Class1 -->
